============================================================
Step vs. Non-step Biomechanical LMM Analysis
============================================================

[M1] Loading and aggregating data...
  Loading CSV...
  Loading platform sheet...
  Building stance-equivalent joint columns (major step side from mixed==1)...
  major_step_side subjects=35 (step_r=14, step_l=14, tie=7)
  tie subjects use nonstep average (L+R)/2: 강비은, 김서하, 김유민, 안지연, 유재원, 이운복, 이훈
  Computing per-trial end_frame [platform_onset → step_onset]...
  end_frame fill (subject-velocity mean): 68
  end_frame fill (global step mean): 5
  Aggregating to trial-level features [platform_onset, step_onset] window...
  Frames: 29038 → filtered & aggregated
  Trials: 125 (step=53, nonstep=72)
  DVs: 32 variables

[M2] Fitting LMMs...
  Running Rscript for LMM fitting...
  Using Rscript: /home/alice/miniconda3/envs/module/bin/Rscript
  R: LMM fitting complete: 32 models

==========================================================================================
LMM Results: DV ~ step_TF + (1|subject), REML
Sig rule: BH-FDR by family, alpha=0.05
==========================================================================================
DV                             Family                Estimate       SE        t   Sig
------------------------------------------------------------------------------------------
COM_X_range                    Balance/Stability      -0.0016   0.0015   -1.015  n.s.
COM_X_path_length              Balance/Stability       0.0003   0.0016    0.214  n.s.
vCOM_X_peak                    Balance/Stability      -0.0001   0.0043   -0.027  n.s.
COM_Y_range                    Balance/Stability       0.0008   0.0011    0.706  n.s.
COM_Y_path_length              Balance/Stability       0.0011   0.0011    0.984  n.s.
vCOM_Y_peak                    Balance/Stability       0.0223   0.0047    4.794   ***
COP_X_range                    Balance/Stability       0.0109   0.0200    0.545  n.s.
COP_X_path_length              Balance/Stability       0.0334   0.0410    0.814  n.s.
COP_X_peak_velocity            Balance/Stability       2.3034   2.0353    1.132  n.s.
COP_Y_range                    Balance/Stability       0.0584   0.0060    9.654   ***
COP_Y_path_length              Balance/Stability       0.0671   0.0090    7.452   ***
COP_Y_peak_velocity            Balance/Stability       0.7084   0.1362    5.202   ***
MOS_minDist_signed_min         Balance/Stability      -0.0139   0.0027   -5.204   ***
MOS_AP_v3d_min                 Balance/Stability      -0.0134   0.0027   -4.960   ***
MOS_ML_v3d_min                 Balance/Stability      -0.0053   0.0022   -2.380     *
------------------------------------------------------------------------------------------
Hip_stance_ROM                 Joint Angles            1.1539   0.3432    3.362    **
Hip_stance_peak                Joint Angles            1.2635   0.3299    3.830    **
Knee_stance_ROM                Joint Angles            0.6416   0.3731    1.720  n.s.
Knee_stance_peak               Joint Angles            0.5474   0.3653    1.498  n.s.
Ankle_stance_ROM               Joint Angles            0.1388   0.5046    0.275  n.s.
Ankle_stance_peak              Joint Angles            0.1387   0.4765    0.291  n.s.
Trunk_ROM                      Joint Angles            0.6851   0.5129    1.336  n.s.
Trunk_peak                     Joint Angles            0.4890   0.5064    0.966  n.s.
Neck_ROM                       Joint Angles            2.4296   1.0521    2.309  n.s.
Neck_peak                      Joint Angles            2.3376   1.0643    2.196  n.s.
------------------------------------------------------------------------------------------
GRF_X_peak                     Force/Torque            1.8828  10.9093    0.173  n.s.
GRF_X_range                    Force/Torque           13.8490  20.6084    0.672  n.s.
GRF_Y_peak                     Force/Torque           25.6989   3.5759    7.187   ***
GRF_Y_range                    Force/Torque           38.2639   4.4509    8.597   ***
GRF_Z_peak                     Force/Torque           21.1873  17.0337    1.244  n.s.
GRF_Z_range                    Force/Torque           22.2703  18.7313    1.189  n.s.
AnkleTorqueMid_Y_peak          Force/Torque           -0.0690   0.0331   -2.086  n.s.
------------------------------------------------------------------------------------------

FDR significant: 11/32 variables

--- Significant Variables (BH-FDR Sig, alpha=0.05) ---
  COP_Y_range: step=0.1034±0.0409, nonstep=0.0503±0.0365, sig=***
  GRF_Y_range: step=70.4857±38.3969, nonstep=35.9385±20.3515, sig=***
  COP_Y_path_length: step=0.1535±0.0709, nonstep=0.1016±0.0724, sig=***
  GRF_Y_peak: step=51.0308±29.5295, nonstep=26.9434±15.5921, sig=***
  COP_Y_peak_velocity: step=1.6746±0.9534, nonstep=1.1995±1.0801, sig=***
  MOS_minDist_signed_min: step=0.0335±0.0282, nonstep=0.0482±0.0119, sig=***
  MOS_AP_v3d_min: step=0.0383±0.0282, nonstep=0.0525±0.0126, sig=***
  vCOM_Y_peak: step=0.0561±0.0294, nonstep=0.0347±0.0236, sig=***
  Hip_stance_peak: step=8.2162±3.6414, nonstep=7.8637±3.0559, sig=**
  Hip_stance_ROM: step=8.3574±3.6196, nonstep=8.3134±3.9016, sig=**
  MOS_ML_v3d_min: step=0.1312±0.0171, nonstep=0.1354±0.0153, sig=*

[M3] Generating figures...
  fig1_lmm_forest_plot.png
  fig2_violin_significant.png
  fig3_descriptive_heatmap.png

============================================================
Analysis complete.
Output directory: /mnt/c/Users/Alice/OneDrive - 청주대학교/근전도 분석 코드/replace_V3D/analysis/step_vs_nonstep_lmm
============================================================

