major_side_summary
major_step_side
step_l    14
step_r    14
tie        7
Name: count, dtype: int64
step_r_check
shape: (1, 3)
┌─────────────┬──────────────┬───────────────┐
│ hip_abs_max ┆ knee_abs_max ┆ ankle_abs_max │
│ ---         ┆ ---          ┆ ---           │
│ f64         ┆ f64          ┆ f64           │
╞═════════════╪══════════════╪═══════════════╡
│ 0.0         ┆ 0.0          ┆ 0.0           │
└─────────────┴──────────────┴───────────────┘
step_l_check
shape: (1, 3)
┌─────────────┬──────────────┬───────────────┐
│ hip_abs_max ┆ knee_abs_max ┆ ankle_abs_max │
│ ---         ┆ ---          ┆ ---           │
│ f64         ┆ f64          ┆ f64           │
╞═════════════╪══════════════╪═══════════════╡
│ 0.0         ┆ 0.0          ┆ 0.0           │
└─────────────┴──────────────┴───────────────┘
tie_nonstep_avg_check
shape: (1, 4)
┌─────────────┬──────────────┬───────────────┬──────┐
│ hip_abs_max ┆ knee_abs_max ┆ ankle_abs_max ┆ rows │
│ ---         ┆ ---          ┆ ---           ┆ ---  │
│ f64         ┆ f64          ┆ f64           ┆ u32  │
╞═════════════╪══════════════╪═══════════════╪══════╡
│ 0.0         ┆ 0.0          ┆ 0.0           ┆ 5554 │
└─────────────┴──────────────┴───────────────┴──────┘

