========================================================================
xCOM/BOS Normalization Step-vs-Nonstep LMM
========================================================================

[M1] Load and prepare data...
  Loading CSV...
  Loading platform metadata...
  Loading anthropometrics from meta sheet...
  Building trial frame bounds...
  Computing trial event frames (platform/step onset)...
  step_onset fill (trial-level prefilter): 0
  step_onset fill (subject-velocity mean): 68
  step_onset fill (prefilter platform subject-velocity mean): 5
  Event range validation passed: platform_oob=0, step_oob=0
  Joining anthropometrics...
  Building frame-wise normalized variables...
  Frames: 29038
  Trials: 125 (step=53, nonstep=72)
  DV1_xcom_hof_rear_over_foot_platformonset missing: 0
  DV1_xcom_hof_rear_over_foot_steponset missing: 0
  DV2_com_rear_over_foot_platformonset missing: 0
  DV2_com_rear_over_foot_steponset missing: 0
  DV3_vcom_rel_over_sqrtgh_platformonset missing: 0
  DV3_vcom_rel_over_sqrtgh_steponset missing: 0

Dry run complete. Trials=125 (step=53, nonstep=72), subjects=24.
