============================================================
Step vs. Non-step Biomechanical LMM Analysis
============================================================

[M1] Loading and aggregating data...
  Loading CSV...
  Loading platform sheet...
  Building stance-equivalent joint columns (major step side from mixed==1)...
  major_step_side subjects=35 (step_r=14, step_l=14, tie=7)
  tie subjects use nonstep average (L+R)/2: 강비은, 김서하, 김유민, 안지연, 유재원, 이운복, 이훈
  Computing per-trial end_frame [platform_onset → step_onset]...
  end_frame fill (subject-velocity mean): 68
  end_frame fill (prefilter platform subject-velocity mean): 5
  Aggregating to trial-level features [platform_onset, step_onset] window...
  Frames: 29038 → filtered & aggregated
  Trials: 125 (step=53, nonstep=72)
  DVs: 32 variables

[M2] Fitting LMMs...
  Running Rscript for LMM fitting...
  Using Rscript: /home/alice/miniconda3/envs/module/bin/Rscript
  R: LMM fitting complete: 32 models

==========================================================================================
LMM Results: DV ~ step_TF + (1|subject), REML
Sig rule: BH-FDR by family, alpha=0.05
==========================================================================================
DV                             Family                Estimate       SE        t   Sig
------------------------------------------------------------------------------------------
COM_X_range                    Balance/Stability      -0.0015   0.0015   -0.972  n.s.
COM_X_path_length              Balance/Stability       0.0005   0.0016    0.297  n.s.
vCOM_X_peak                    Balance/Stability      -0.0001   0.0043   -0.027  n.s.
COM_Y_range                    Balance/Stability       0.0009   0.0011    0.826  n.s.
COM_Y_path_length              Balance/Stability       0.0012   0.0011    1.084  n.s.
vCOM_Y_peak                    Balance/Stability       0.0230   0.0047    4.913   ***
COP_X_range                    Balance/Stability       0.0119   0.0200    0.593  n.s.
COP_X_path_length              Balance/Stability       0.0349   0.0410    0.851  n.s.
COP_X_peak_velocity            Balance/Stability       2.3092   2.0353    1.135  n.s.
COP_Y_range                    Balance/Stability       0.0594   0.0060    9.971   ***
COP_Y_path_length              Balance/Stability       0.0685   0.0089    7.708   ***
COP_Y_peak_velocity            Balance/Stability       0.7236   0.1329    5.445   ***
MOS_minDist_signed_min         Balance/Stability      -0.0141   0.0027   -5.282   ***
MOS_AP_v3d_min                 Balance/Stability      -0.0136   0.0027   -5.041   ***
MOS_ML_v3d_min                 Balance/Stability      -0.0053   0.0022   -2.389     *
------------------------------------------------------------------------------------------
Hip_stance_ROM                 Joint Angles            1.1553   0.3391    3.407    **
Hip_stance_peak                Joint Angles            1.2650   0.3295    3.839    **
Knee_stance_ROM                Joint Angles            0.6453   0.3730    1.730  n.s.
Knee_stance_peak               Joint Angles            0.5509   0.3651    1.509  n.s.
Ankle_stance_ROM               Joint Angles            0.1893   0.5049    0.375  n.s.
Ankle_stance_peak              Joint Angles            0.1941   0.4763    0.407  n.s.
Trunk_ROM                      Joint Angles            0.7324   0.5098    1.437  n.s.
Trunk_peak                     Joint Angles            0.5205   0.5024    1.036  n.s.
Neck_ROM                       Joint Angles            2.5034   1.0518    2.380  n.s.
Neck_peak                      Joint Angles            2.4130   1.0639    2.268  n.s.
------------------------------------------------------------------------------------------
GRF_X_peak                     Force/Torque            1.8828  10.9093    0.173  n.s.
GRF_X_range                    Force/Torque           13.8490  20.6084    0.672  n.s.
GRF_Y_peak                     Force/Torque           26.3340   3.5593    7.399   ***
GRF_Y_range                    Force/Torque           39.0415   4.4292    8.815   ***
GRF_Z_peak                     Force/Torque           21.3140  17.5549    1.214  n.s.
GRF_Z_range                    Force/Torque           22.5322  19.4730    1.157  n.s.
AnkleTorqueMid_Y_peak          Force/Torque           -0.0681   0.0339   -2.005  n.s.
------------------------------------------------------------------------------------------

FDR significant: 11/32 variables

--- Significant Variables (BH-FDR Sig, alpha=0.05) ---
  COP_Y_range: step=0.1034±0.0409, nonstep=0.0484±0.0354, sig=***
  GRF_Y_range: step=70.4857±38.3969, nonstep=34.2181±19.4201, sig=***
  COP_Y_path_length: step=0.1535±0.0709, nonstep=0.0964±0.0700, sig=***
  GRF_Y_peak: step=51.0308±29.5295, nonstep=25.8191±15.1209, sig=***
  COP_Y_peak_velocity: step=1.6746±0.9534, nonstep=1.1466±1.0364, sig=***
  MOS_minDist_signed_min: step=0.0335±0.0282, nonstep=0.0489±0.0121, sig=***
  MOS_AP_v3d_min: step=0.0383±0.0282, nonstep=0.0532±0.0126, sig=***
  vCOM_Y_peak: step=0.0561±0.0294, nonstep=0.0340±0.0239, sig=***
  Hip_stance_peak: step=8.2162±3.6414, nonstep=7.8527±3.0502, sig=**
  Hip_stance_ROM: step=8.3574±3.6196, nonstep=8.3193±3.9006, sig=**
  MOS_ML_v3d_min: step=0.1312±0.0171, nonstep=0.1354±0.0153, sig=*

[M3] Generating figures...
  fig1_lmm_forest_plot.png
  fig2_violin_significant.png
  fig3_descriptive_heatmap.png

============================================================
Analysis complete.
Output directory: /mnt/c/Users/Alice/OneDrive - 청주대학교/근전도 분석 코드/replace_V3D/analysis/step_vs_nonstep_lmm
============================================================

