/mnt/c/Users/Alice/OneDrive - 청주대학교/근전도 분석 코드/replace_V3D/scripts/plot_bos_com_xy_sample.py:2223: UserWarning: Glyph 51060 (\N{HANGUL SYLLABLE I}) missing from font(s) DejaVu Sans.
  ani.save(str(out_path), writer=PillowWriter(fps=fps), dpi=dpi)
/mnt/c/Users/Alice/OneDrive - 청주대학교/근전도 분석 코드/replace_V3D/scripts/plot_bos_com_xy_sample.py:2223: UserWarning: Glyph 51116 (\N{HANGUL SYLLABLE JAE}) missing from font(s) DejaVu Sans.
  ani.save(str(out_path), writer=PillowWriter(fps=fps), dpi=dpi)
/mnt/c/Users/Alice/OneDrive - 청주대학교/근전도 분석 코드/replace_V3D/scripts/plot_bos_com_xy_sample.py:2223: UserWarning: Glyph 50976 (\N{HANGUL SYLLABLE YU}) missing from font(s) DejaVu Sans.
  ani.save(str(out_path), writer=PillowWriter(fps=fps), dpi=dpi)

Trial selection: subject=이재유, velocity=20, trial=5, auto_selected=False
Validity summary: total_frames=257, valid_frames=257, nan_invalid=0, bos_invalid=0
Events: platform_onset_local=101, platform_offset_local=157, step_onset_local=None
Display rotation: CCW 90 deg
Trial state: nonstep
COP source: absolute
COP overlay: enabled (source=absolute, onset0_shift_xy=(0.0, 0.0))
Output root: /mnt/c/Users/Alice/OneDrive - 청주대학교/근전도 분석 코드/replace_V3D/output/compare_cop_overlay/tmp_verify_v1
Subject output directory: /mnt/c/Users/Alice/OneDrive - 청주대학교/근전도 분석 코드/replace_V3D/output/compare_cop_overlay/tmp_verify_v1/이재유
[BOS overlay] using C3D: /mnt/c/Users/Alice/OneDrive - 청주대학교/근전도 분석 코드/replace_V3D/data/all_data/251209_이재유_perturb_20_005.c3d
Fixed axis limits: x=(-0.7181, 0.0610), y=(-1.7695, 0.0496)
GIF outputs: step_vis=phase_bos, bos_mode=freeze/live, cop_source=absolute
Inside/outside summary: inside=257, outside=0, inside_ratio=100.00%
Saved GIF[live]: /mnt/c/Users/Alice/OneDrive - 청주대학교/근전도 분석 코드/replace_V3D/output/compare_cop_overlay/tmp_verify_v1/이재유/이재유__velocity-20__trial-5__variant-v1__copsrc-absolute__copsrc-absolute__step_vis-phase_bos__live.gif (frames=129, fps=15, frame_step=2)

